2024-05-04 07:17:00,763 INFO o.s.b.StartupInfoLogger [main] Starting BinarfudChallengeApplication using Java 21.0.2 with PID 7078 (/home/lckmnzans/Documents/projects/Java Projects/synrgy7-backendjava/F-BJV24001115-synrgy7-luk-binfood-ch4/target/classes started by lckmnzans in /home/lckmnzans/Documents/projects/Java Projects/synrgy7-backendjava/F-BJV24001115-synrgy7-luk-binfood-ch4)
2024-05-04 07:17:00,766 INFO o.s.b.SpringApplication [main] No active profile set, falling back to 1 default profile: "default"
2024-05-04 07:17:01,304 INFO o.s.d.r.c.RepositoryConfigurationDelegate [main] Bootstrapping Spring Data JPA repositories in DEFAULT mode.
2024-05-04 07:17:01,369 INFO o.s.d.r.c.RepositoryConfigurationDelegate [main] Finished Spring Data repository scanning in 58 ms. Found 5 JPA repository interfaces.
2024-05-04 07:17:01,810 INFO o.s.b.w.e.t.TomcatWebServer [main] Tomcat initialized with port 8080 (http)
2024-05-04 07:17:01,818 INFO o.a.j.l.DirectJDKLog [main] Initializing ProtocolHandler ["http-nio-8080"]
2024-05-04 07:17:01,820 INFO o.a.j.l.DirectJDKLog [main] Starting service [Tomcat]
2024-05-04 07:17:01,820 INFO o.a.j.l.DirectJDKLog [main] Starting Servlet engine: [Apache Tomcat/10.1.20]
2024-05-04 07:17:01,854 INFO o.a.j.l.DirectJDKLog [main] Initializing Spring embedded WebApplicationContext
2024-05-04 07:17:01,855 INFO o.s.b.w.s.c.ServletWebServerApplicationContext [main] Root WebApplicationContext: initialization completed in 1039 ms
2024-05-04 07:17:02,001 INFO o.h.j.i.u.LogHelper [main] HHH000204: Processing PersistenceUnitInfo [name: default]
2024-05-04 07:17:02,044 INFO o.h.Version [main] HHH000412: Hibernate ORM core version 6.4.4.Final
2024-05-04 07:17:02,076 INFO o.h.c.i.RegionFactoryInitiator [main] HHH000026: Second-level cache disabled
2024-05-04 07:17:02,270 INFO o.s.o.j.p.SpringPersistenceUnitInfo [main] No LoadTimeWeaver setup: ignoring JPA class transformer
2024-05-04 07:17:02,291 INFO c.z.h.HikariDataSource [main] HikariPool-1 - Starting...
2024-05-04 07:17:02,617 INFO c.z.h.p.HikariPool [main] HikariPool-1 - Added connection org.postgresql.jdbc.PgConnection@194b9783
2024-05-04 07:17:02,618 INFO c.z.h.HikariDataSource [main] HikariPool-1 - Start completed.
2024-05-04 07:17:02,646 WARN o.h.e.j.d.i.DialectFactoryImpl [main] HHH90000025: PostgreSQLDialect does not need to be specified explicitly using 'hibernate.dialect' (remove the property setting and it will be selected by default)
2024-05-04 07:17:03,420 INFO o.h.e.t.j.p.i.JtaPlatformInitiator [main] HHH000489: No JTA platform available (set 'hibernate.transaction.jta.platform' to enable JTA platform integration)
2024-05-04 07:17:03,530 INFO o.s.o.j.AbstractEntityManagerFactoryBean [main] Initialized JPA EntityManagerFactory for persistence unit 'default'
2024-05-04 07:17:03,863 INFO o.s.d.j.r.q.QueryEnhancerFactory [main] Hibernate is in classpath; If applicable, HQL parser will be used.
2024-05-04 07:17:03,903 WARN o.s.b.a.o.j.JpaBaseConfiguration$JpaWebConfiguration [main] spring.jpa.open-in-view is enabled by default. Therefore, database queries may be performed during view rendering. Explicitly configure spring.jpa.open-in-view to disable this warning
2024-05-04 07:17:04,173 INFO o.a.j.l.DirectJDKLog [main] Starting ProtocolHandler ["http-nio-8080"]
2024-05-04 07:17:04,183 INFO o.s.b.w.e.t.TomcatWebServer [main] Tomcat started on port 8080 (http) with context path ''
2024-05-04 07:17:04,190 INFO o.s.b.StartupInfoLogger [main] Started BinarfudChallengeApplication in 3.94 seconds (process running for 4.487)
2024-05-04 07:17:04,314 INFO c.s.b.B.c.UserController [main] d4adc60e-ac01-4703-b47a-e9265d4a8dc6 | lckmnzans | lckmnzans@gmail.com
2024-05-04 07:17:52,373 INFO o.s.o.j.AbstractEntityManagerFactoryBean [SpringApplicationShutdownHook] Closing JPA EntityManagerFactory for persistence unit 'default'
2024-05-04 07:17:52,376 INFO c.z.h.HikariDataSource [SpringApplicationShutdownHook] HikariPool-1 - Shutdown initiated...
2024-05-04 07:17:52,385 INFO c.z.h.HikariDataSource [SpringApplicationShutdownHook] HikariPool-1 - Shutdown completed.
2024-05-04 07:17:56,301 INFO o.s.b.StartupInfoLogger [main] Starting BinarfudChallengeApplication using Java 21.0.2 with PID 7280 (/home/lckmnzans/Documents/projects/Java Projects/synrgy7-backendjava/F-BJV24001115-synrgy7-luk-binfood-ch4/target/classes started by lckmnzans in /home/lckmnzans/Documents/projects/Java Projects/synrgy7-backendjava/F-BJV24001115-synrgy7-luk-binfood-ch4)
2024-05-04 07:17:56,303 INFO o.s.b.SpringApplication [main] No active profile set, falling back to 1 default profile: "default"
2024-05-04 07:17:56,862 INFO o.s.d.r.c.RepositoryConfigurationDelegate [main] Bootstrapping Spring Data JPA repositories in DEFAULT mode.
2024-05-04 07:17:56,925 INFO o.s.d.r.c.RepositoryConfigurationDelegate [main] Finished Spring Data repository scanning in 57 ms. Found 5 JPA repository interfaces.
2024-05-04 07:17:57,323 INFO o.s.b.w.e.t.TomcatWebServer [main] Tomcat initialized with port 8080 (http)
2024-05-04 07:17:57,333 INFO o.a.j.l.DirectJDKLog [main] Initializing ProtocolHandler ["http-nio-8080"]
2024-05-04 07:17:57,334 INFO o.a.j.l.DirectJDKLog [main] Starting service [Tomcat]
2024-05-04 07:17:57,335 INFO o.a.j.l.DirectJDKLog [main] Starting Servlet engine: [Apache Tomcat/10.1.20]
2024-05-04 07:17:57,370 INFO o.a.j.l.DirectJDKLog [main] Initializing Spring embedded WebApplicationContext
2024-05-04 07:17:57,370 INFO o.s.b.w.s.c.ServletWebServerApplicationContext [main] Root WebApplicationContext: initialization completed in 1020 ms
2024-05-04 07:17:57,489 INFO o.h.j.i.u.LogHelper [main] HHH000204: Processing PersistenceUnitInfo [name: default]
2024-05-04 07:17:57,524 INFO o.h.Version [main] HHH000412: Hibernate ORM core version 6.4.4.Final
2024-05-04 07:17:57,552 INFO o.h.c.i.RegionFactoryInitiator [main] HHH000026: Second-level cache disabled
2024-05-04 07:17:57,730 INFO o.s.o.j.p.SpringPersistenceUnitInfo [main] No LoadTimeWeaver setup: ignoring JPA class transformer
2024-05-04 07:17:57,752 INFO c.z.h.HikariDataSource [main] HikariPool-1 - Starting...
2024-05-04 07:17:58,015 INFO c.z.h.p.HikariPool [main] HikariPool-1 - Added connection org.postgresql.jdbc.PgConnection@4afdfc0f
2024-05-04 07:17:58,016 INFO c.z.h.HikariDataSource [main] HikariPool-1 - Start completed.
2024-05-04 07:17:58,047 WARN o.h.e.j.d.i.DialectFactoryImpl [main] HHH90000025: PostgreSQLDialect does not need to be specified explicitly using 'hibernate.dialect' (remove the property setting and it will be selected by default)
2024-05-04 07:17:58,814 INFO o.h.e.t.j.p.i.JtaPlatformInitiator [main] HHH000489: No JTA platform available (set 'hibernate.transaction.jta.platform' to enable JTA platform integration)
2024-05-04 07:17:58,949 INFO o.s.o.j.AbstractEntityManagerFactoryBean [main] Initialized JPA EntityManagerFactory for persistence unit 'default'
2024-05-04 07:17:59,275 INFO o.s.d.j.r.q.QueryEnhancerFactory [main] Hibernate is in classpath; If applicable, HQL parser will be used.
2024-05-04 07:17:59,314 WARN o.s.b.a.o.j.JpaBaseConfiguration$JpaWebConfiguration [main] spring.jpa.open-in-view is enabled by default. Therefore, database queries may be performed during view rendering. Explicitly configure spring.jpa.open-in-view to disable this warning
2024-05-04 07:17:59,594 INFO o.a.j.l.DirectJDKLog [main] Starting ProtocolHandler ["http-nio-8080"]
2024-05-04 07:17:59,610 INFO o.s.b.w.e.t.TomcatWebServer [main] Tomcat started on port 8080 (http) with context path ''
2024-05-04 07:17:59,618 INFO o.s.b.StartupInfoLogger [main] Started BinarfudChallengeApplication in 3.767 seconds (process running for 4.347)
2024-05-04 07:17:59,731 INFO c.s.b.B.c.UserController [main] d4adc60e-ac01-4703-b47a-e9265d4a8dc6 | lckmnzans | lckmnzans@gmail.com
2024-05-04 07:18:05,025 INFO o.s.o.j.AbstractEntityManagerFactoryBean [SpringApplicationShutdownHook] Closing JPA EntityManagerFactory for persistence unit 'default'
2024-05-04 07:18:05,028 INFO c.z.h.HikariDataSource [SpringApplicationShutdownHook] HikariPool-1 - Shutdown initiated...
2024-05-04 07:18:05,038 INFO c.z.h.HikariDataSource [SpringApplicationShutdownHook] HikariPool-1 - Shutdown completed.
2024-05-04 07:46:20,698 INFO o.s.b.StartupInfoLogger [main] Starting BinarfudChallengeApplication using Java 21.0.2 with PID 9079 (/home/lckmnzans/Documents/projects/Java Projects/synrgy7-backendjava/F-BJV24001115-synrgy7-luk-binfood-ch4/target/classes started by lckmnzans in /home/lckmnzans/Documents/projects/Java Projects/synrgy7-backendjava/F-BJV24001115-synrgy7-luk-binfood-ch4)
2024-05-04 07:46:20,701 INFO o.s.b.SpringApplication [main] No active profile set, falling back to 1 default profile: "default"
2024-05-04 07:46:21,234 INFO o.s.d.r.c.RepositoryConfigurationDelegate [main] Bootstrapping Spring Data JPA repositories in DEFAULT mode.
2024-05-04 07:46:21,306 INFO o.s.d.r.c.RepositoryConfigurationDelegate [main] Finished Spring Data repository scanning in 65 ms. Found 5 JPA repository interfaces.
2024-05-04 07:46:21,708 INFO o.s.b.w.e.t.TomcatWebServer [main] Tomcat initialized with port 8080 (http)
2024-05-04 07:46:21,716 INFO o.a.j.l.DirectJDKLog [main] Initializing ProtocolHandler ["http-nio-8080"]
2024-05-04 07:46:21,718 INFO o.a.j.l.DirectJDKLog [main] Starting service [Tomcat]
2024-05-04 07:46:21,719 INFO o.a.j.l.DirectJDKLog [main] Starting Servlet engine: [Apache Tomcat/10.1.20]
2024-05-04 07:46:21,755 INFO o.a.j.l.DirectJDKLog [main] Initializing Spring embedded WebApplicationContext
2024-05-04 07:46:21,755 INFO o.s.b.w.s.c.ServletWebServerApplicationContext [main] Root WebApplicationContext: initialization completed in 1010 ms
2024-05-04 07:46:21,873 INFO o.h.j.i.u.LogHelper [main] HHH000204: Processing PersistenceUnitInfo [name: default]
2024-05-04 07:46:21,907 INFO o.h.Version [main] HHH000412: Hibernate ORM core version 6.4.4.Final
2024-05-04 07:46:21,935 INFO o.h.c.i.RegionFactoryInitiator [main] HHH000026: Second-level cache disabled
2024-05-04 07:46:22,127 INFO o.s.o.j.p.SpringPersistenceUnitInfo [main] No LoadTimeWeaver setup: ignoring JPA class transformer
2024-05-04 07:46:22,151 INFO c.z.h.HikariDataSource [main] HikariPool-1 - Starting...
2024-05-04 07:46:22,409 INFO c.z.h.p.HikariPool [main] HikariPool-1 - Added connection org.postgresql.jdbc.PgConnection@4751cd3
2024-05-04 07:46:22,411 INFO c.z.h.HikariDataSource [main] HikariPool-1 - Start completed.
2024-05-04 07:46:22,441 WARN o.h.e.j.d.i.DialectFactoryImpl [main] HHH90000025: PostgreSQLDialect does not need to be specified explicitly using 'hibernate.dialect' (remove the property setting and it will be selected by default)
2024-05-04 07:46:23,207 INFO o.h.e.t.j.p.i.JtaPlatformInitiator [main] HHH000489: No JTA platform available (set 'hibernate.transaction.jta.platform' to enable JTA platform integration)
2024-05-04 07:46:23,344 INFO o.s.o.j.AbstractEntityManagerFactoryBean [main] Initialized JPA EntityManagerFactory for persistence unit 'default'
2024-05-04 07:46:23,687 INFO o.s.d.j.r.q.QueryEnhancerFactory [main] Hibernate is in classpath; If applicable, HQL parser will be used.
2024-05-04 07:46:23,729 WARN o.s.b.a.o.j.JpaBaseConfiguration$JpaWebConfiguration [main] spring.jpa.open-in-view is enabled by default. Therefore, database queries may be performed during view rendering. Explicitly configure spring.jpa.open-in-view to disable this warning
2024-05-04 07:46:24,009 INFO o.a.j.l.DirectJDKLog [main] Starting ProtocolHandler ["http-nio-8080"]
2024-05-04 07:46:24,020 INFO o.s.b.w.e.t.TomcatWebServer [main] Tomcat started on port 8080 (http) with context path ''
2024-05-04 07:46:24,028 INFO o.s.b.StartupInfoLogger [main] Started BinarfudChallengeApplication in 3.821 seconds (process running for 4.611)
2024-05-04 07:46:24,139 INFO c.s.b.B.c.MerchantController [main] Merchant name :Geprek Jago
2024-05-04 07:46:24,139 INFO c.s.b.B.c.MerchantController [main] Merchant name :Bakmi 99 Pak Joko
2024-05-04 07:46:24,140 INFO c.s.b.B.c.MainController [main] 592bab1b-af98-434f-9389-11900720cd7c | Geprek Jago
2024-05-04 07:46:24,140 INFO c.s.b.B.c.MainController [main] 895b71ec-961c-4224-9492-6283709ee4b8 | Bakmi 99 Pak Joko
2024-05-04 07:46:42,446 INFO o.s.o.j.AbstractEntityManagerFactoryBean [SpringApplicationShutdownHook] Closing JPA EntityManagerFactory for persistence unit 'default'
2024-05-04 07:46:42,448 INFO c.z.h.HikariDataSource [SpringApplicationShutdownHook] HikariPool-1 - Shutdown initiated...
2024-05-04 07:46:42,458 INFO c.z.h.HikariDataSource [SpringApplicationShutdownHook] HikariPool-1 - Shutdown completed.
