2024-05-03 21:56:33,974 INFO o.s.o.j.AbstractEntityManagerFactoryBean [SpringApplicationShutdownHook] Closing JPA EntityManagerFactory for persistence unit 'default'
2024-05-03 21:56:33,978 INFO c.z.h.HikariDataSource [SpringApplicationShutdownHook] HikariPool-1 - Shutdown initiated...
2024-05-03 21:56:33,993 INFO c.z.h.HikariDataSource [SpringApplicationShutdownHook] HikariPool-1 - Shutdown completed.
2024-05-03 21:56:40,097 INFO o.s.b.StartupInfoLogger [main] Starting BinarfudChallengeApplication using Java 21.0.2 with PID 76434 (/home/lckmnzans/Documents/projects/Java Projects/synrgy7-backendjava/F-BJV24001115-synrgy7-luk-binfood-ch4/target/classes started by lckmnzans in /home/lckmnzans/Documents/projects/Java Projects/synrgy7-backendjava/F-BJV24001115-synrgy7-luk-binfood-ch4)
2024-05-03 21:56:40,104 INFO o.s.b.SpringApplication [main] No active profile set, falling back to 1 default profile: "default"
2024-05-03 21:56:41,072 INFO o.s.d.r.c.RepositoryConfigurationDelegate [main] Bootstrapping Spring Data JPA repositories in DEFAULT mode.
2024-05-03 21:56:41,199 INFO o.s.d.r.c.RepositoryConfigurationDelegate [main] Finished Spring Data repository scanning in 118 ms. Found 5 JPA repository interfaces.
2024-05-03 21:56:41,947 INFO o.s.b.w.e.t.TomcatWebServer [main] Tomcat initialized with port 8080 (http)
2024-05-03 21:56:41,958 INFO o.a.j.l.DirectJDKLog [main] Initializing ProtocolHandler ["http-nio-8080"]
2024-05-03 21:56:41,961 INFO o.a.j.l.DirectJDKLog [main] Starting service [Tomcat]
2024-05-03 21:56:41,961 INFO o.a.j.l.DirectJDKLog [main] Starting Servlet engine: [Apache Tomcat/10.1.20]
2024-05-03 21:56:42,005 INFO o.a.j.l.DirectJDKLog [main] Initializing Spring embedded WebApplicationContext
2024-05-03 21:56:42,006 INFO o.s.b.w.s.c.ServletWebServerApplicationContext [main] Root WebApplicationContext: initialization completed in 1844 ms
2024-05-03 21:56:42,256 INFO o.h.j.i.u.LogHelper [main] HHH000204: Processing PersistenceUnitInfo [name: default]
2024-05-03 21:56:42,302 INFO o.h.Version [main] HHH000412: Hibernate ORM core version 6.4.4.Final
2024-05-03 21:56:42,348 INFO o.h.c.i.RegionFactoryInitiator [main] HHH000026: Second-level cache disabled
2024-05-03 21:56:42,631 INFO o.s.o.j.p.SpringPersistenceUnitInfo [main] No LoadTimeWeaver setup: ignoring JPA class transformer
2024-05-03 21:56:42,687 INFO c.z.h.HikariDataSource [main] HikariPool-1 - Starting...
2024-05-03 21:56:43,101 INFO c.z.h.p.HikariPool [main] HikariPool-1 - Added connection org.postgresql.jdbc.PgConnection@72324965
2024-05-03 21:56:43,105 INFO c.z.h.HikariDataSource [main] HikariPool-1 - Start completed.
2024-05-03 21:56:43,147 WARN o.h.e.j.d.i.DialectFactoryImpl [main] HHH90000025: PostgreSQLDialect does not need to be specified explicitly using 'hibernate.dialect' (remove the property setting and it will be selected by default)
2024-05-03 21:56:44,398 INFO o.h.e.t.j.p.i.JtaPlatformInitiator [main] HHH000489: No JTA platform available (set 'hibernate.transaction.jta.platform' to enable JTA platform integration)
2024-05-03 21:56:44,512 INFO o.s.o.j.AbstractEntityManagerFactoryBean [main] Initialized JPA EntityManagerFactory for persistence unit 'default'
2024-05-03 21:56:45,051 WARN o.s.b.a.o.j.JpaBaseConfiguration$JpaWebConfiguration [main] spring.jpa.open-in-view is enabled by default. Therefore, database queries may be performed during view rendering. Explicitly configure spring.jpa.open-in-view to disable this warning
2024-05-03 21:56:45,498 INFO o.a.j.l.DirectJDKLog [main] Starting ProtocolHandler ["http-nio-8080"]
2024-05-03 21:56:45,562 INFO o.s.b.w.e.t.TomcatWebServer [main] Tomcat started on port 8080 (http) with context path ''
2024-05-03 21:56:45,574 INFO o.s.b.StartupInfoLogger [main] Started BinarfudChallengeApplication in 6.364 seconds (process running for 7.339)
2024-05-03 21:58:27,640 INFO o.s.o.j.AbstractEntityManagerFactoryBean [SpringApplicationShutdownHook] Closing JPA EntityManagerFactory for persistence unit 'default'
2024-05-03 21:58:27,642 INFO c.z.h.HikariDataSource [SpringApplicationShutdownHook] HikariPool-1 - Shutdown initiated...
2024-05-03 21:58:27,656 INFO c.z.h.HikariDataSource [SpringApplicationShutdownHook] HikariPool-1 - Shutdown completed.
2024-05-03 21:58:32,888 INFO o.s.b.StartupInfoLogger [main] Starting BinarfudChallengeApplication using Java 21.0.2 with PID 76728 (/home/lckmnzans/Documents/projects/Java Projects/synrgy7-backendjava/F-BJV24001115-synrgy7-luk-binfood-ch4/target/classes started by lckmnzans in /home/lckmnzans/Documents/projects/Java Projects/synrgy7-backendjava/F-BJV24001115-synrgy7-luk-binfood-ch4)
2024-05-03 21:58:32,893 INFO o.s.b.SpringApplication [main] No active profile set, falling back to 1 default profile: "default"
2024-05-03 21:58:33,869 INFO o.s.d.r.c.RepositoryConfigurationDelegate [main] Bootstrapping Spring Data JPA repositories in DEFAULT mode.
2024-05-03 21:58:33,980 INFO o.s.d.r.c.RepositoryConfigurationDelegate [main] Finished Spring Data repository scanning in 103 ms. Found 5 JPA repository interfaces.
2024-05-03 21:58:34,676 INFO o.s.b.w.e.t.TomcatWebServer [main] Tomcat initialized with port 8080 (http)
2024-05-03 21:58:34,689 INFO o.a.j.l.DirectJDKLog [main] Initializing ProtocolHandler ["http-nio-8080"]
2024-05-03 21:58:34,691 INFO o.a.j.l.DirectJDKLog [main] Starting service [Tomcat]
2024-05-03 21:58:34,692 INFO o.a.j.l.DirectJDKLog [main] Starting Servlet engine: [Apache Tomcat/10.1.20]
2024-05-03 21:58:34,737 INFO o.a.j.l.DirectJDKLog [main] Initializing Spring embedded WebApplicationContext
2024-05-03 21:58:34,738 INFO o.s.b.w.s.c.ServletWebServerApplicationContext [main] Root WebApplicationContext: initialization completed in 1744 ms
2024-05-03 21:58:34,997 INFO o.h.j.i.u.LogHelper [main] HHH000204: Processing PersistenceUnitInfo [name: default]
2024-05-03 21:58:35,065 INFO o.h.Version [main] HHH000412: Hibernate ORM core version 6.4.4.Final
2024-05-03 21:58:35,101 INFO o.h.c.i.RegionFactoryInitiator [main] HHH000026: Second-level cache disabled
2024-05-03 21:58:35,372 INFO o.s.o.j.p.SpringPersistenceUnitInfo [main] No LoadTimeWeaver setup: ignoring JPA class transformer
2024-05-03 21:58:35,396 INFO c.z.h.HikariDataSource [main] HikariPool-1 - Starting...
2024-05-03 21:58:35,842 INFO c.z.h.p.HikariPool [main] HikariPool-1 - Added connection org.postgresql.jdbc.PgConnection@586728e8
2024-05-03 21:58:35,844 INFO c.z.h.HikariDataSource [main] HikariPool-1 - Start completed.
2024-05-03 21:58:35,880 WARN o.h.e.j.d.i.DialectFactoryImpl [main] HHH90000025: PostgreSQLDialect does not need to be specified explicitly using 'hibernate.dialect' (remove the property setting and it will be selected by default)
2024-05-03 21:58:36,935 INFO o.h.e.t.j.p.i.JtaPlatformInitiator [main] HHH000489: No JTA platform available (set 'hibernate.transaction.jta.platform' to enable JTA platform integration)
2024-05-03 21:58:37,103 INFO o.s.o.j.AbstractEntityManagerFactoryBean [main] Initialized JPA EntityManagerFactory for persistence unit 'default'
2024-05-03 21:58:37,795 WARN o.s.b.a.o.j.JpaBaseConfiguration$JpaWebConfiguration [main] spring.jpa.open-in-view is enabled by default. Therefore, database queries may be performed during view rendering. Explicitly configure spring.jpa.open-in-view to disable this warning
2024-05-03 21:58:38,286 INFO o.a.j.l.DirectJDKLog [main] Starting ProtocolHandler ["http-nio-8080"]
2024-05-03 21:58:38,302 INFO o.s.b.w.e.t.TomcatWebServer [main] Tomcat started on port 8080 (http) with context path ''
2024-05-03 21:58:38,337 INFO o.s.b.StartupInfoLogger [main] Started BinarfudChallengeApplication in 6.071 seconds (process running for 6.739)
2024-05-03 21:58:48,986 INFO o.s.o.j.AbstractEntityManagerFactoryBean [SpringApplicationShutdownHook] Closing JPA EntityManagerFactory for persistence unit 'default'
2024-05-03 21:58:48,990 INFO c.z.h.HikariDataSource [SpringApplicationShutdownHook] HikariPool-1 - Shutdown initiated...
2024-05-03 21:58:49,021 INFO c.z.h.HikariDataSource [SpringApplicationShutdownHook] HikariPool-1 - Shutdown completed.
2024-05-03 21:58:54,860 INFO o.s.b.StartupInfoLogger [main] Starting BinarfudChallengeApplication using Java 21.0.2 with PID 76880 (/home/lckmnzans/Documents/projects/Java Projects/synrgy7-backendjava/F-BJV24001115-synrgy7-luk-binfood-ch4/target/classes started by lckmnzans in /home/lckmnzans/Documents/projects/Java Projects/synrgy7-backendjava/F-BJV24001115-synrgy7-luk-binfood-ch4)
2024-05-03 21:58:54,863 INFO o.s.b.SpringApplication [main] No active profile set, falling back to 1 default profile: "default"
2024-05-03 21:58:56,128 INFO o.s.d.r.c.RepositoryConfigurationDelegate [main] Bootstrapping Spring Data JPA repositories in DEFAULT mode.
2024-05-03 21:58:56,246 INFO o.s.d.r.c.RepositoryConfigurationDelegate [main] Finished Spring Data repository scanning in 110 ms. Found 5 JPA repository interfaces.
2024-05-03 21:58:57,088 INFO o.s.b.w.e.t.TomcatWebServer [main] Tomcat initialized with port 8080 (http)
2024-05-03 21:58:57,101 INFO o.a.j.l.DirectJDKLog [main] Initializing ProtocolHandler ["http-nio-8080"]
2024-05-03 21:58:57,104 INFO o.a.j.l.DirectJDKLog [main] Starting service [Tomcat]
2024-05-03 21:58:57,105 INFO o.a.j.l.DirectJDKLog [main] Starting Servlet engine: [Apache Tomcat/10.1.20]
2024-05-03 21:58:57,179 INFO o.a.j.l.DirectJDKLog [main] Initializing Spring embedded WebApplicationContext
2024-05-03 21:58:57,179 INFO o.s.b.w.s.c.ServletWebServerApplicationContext [main] Root WebApplicationContext: initialization completed in 2223 ms
2024-05-03 21:58:57,403 INFO o.h.j.i.u.LogHelper [main] HHH000204: Processing PersistenceUnitInfo [name: default]
2024-05-03 21:58:57,455 INFO o.h.Version [main] HHH000412: Hibernate ORM core version 6.4.4.Final
2024-05-03 21:58:57,489 INFO o.h.c.i.RegionFactoryInitiator [main] HHH000026: Second-level cache disabled
2024-05-03 21:58:57,763 INFO o.s.o.j.p.SpringPersistenceUnitInfo [main] No LoadTimeWeaver setup: ignoring JPA class transformer
2024-05-03 21:58:57,788 INFO c.z.h.HikariDataSource [main] HikariPool-1 - Starting...
2024-05-03 21:58:58,211 INFO c.z.h.p.HikariPool [main] HikariPool-1 - Added connection org.postgresql.jdbc.PgConnection@678586f0
2024-05-03 21:58:58,213 INFO c.z.h.HikariDataSource [main] HikariPool-1 - Start completed.
2024-05-03 21:58:58,246 WARN o.h.e.j.d.i.DialectFactoryImpl [main] HHH90000025: PostgreSQLDialect does not need to be specified explicitly using 'hibernate.dialect' (remove the property setting and it will be selected by default)
2024-05-03 21:58:59,585 INFO o.h.e.t.j.p.i.JtaPlatformInitiator [main] HHH000489: No JTA platform available (set 'hibernate.transaction.jta.platform' to enable JTA platform integration)
2024-05-03 21:58:59,736 INFO o.s.o.j.AbstractEntityManagerFactoryBean [main] Initialized JPA EntityManagerFactory for persistence unit 'default'
2024-05-03 21:59:00,276 WARN o.s.b.a.o.j.JpaBaseConfiguration$JpaWebConfiguration [main] spring.jpa.open-in-view is enabled by default. Therefore, database queries may be performed during view rendering. Explicitly configure spring.jpa.open-in-view to disable this warning
2024-05-03 21:59:00,717 INFO o.a.j.l.DirectJDKLog [main] Starting ProtocolHandler ["http-nio-8080"]
2024-05-03 21:59:00,749 INFO o.s.b.w.e.t.TomcatWebServer [main] Tomcat started on port 8080 (http) with context path ''
2024-05-03 21:59:00,759 INFO o.s.b.StartupInfoLogger [main] Started BinarfudChallengeApplication in 6.982 seconds (process running for 7.983)
2024-05-03 21:59:15,755 INFO o.s.o.j.AbstractEntityManagerFactoryBean [SpringApplicationShutdownHook] Closing JPA EntityManagerFactory for persistence unit 'default'
2024-05-03 21:59:15,758 INFO c.z.h.HikariDataSource [SpringApplicationShutdownHook] HikariPool-1 - Shutdown initiated...
2024-05-03 21:59:15,791 INFO c.z.h.HikariDataSource [SpringApplicationShutdownHook] HikariPool-1 - Shutdown completed.
