2024-05-04 17:34:10,984 INFO o.s.b.StartupInfoLogger [main] Starting BinarfudChallengeApplication using Java 21.0.2 with PID 11535 (/home/lckmnzans/Documents/projects/Java Projects/synrgy7-backendjava/F-BJV24001115-synrgy7-luk-binfood-ch4/target/classes started by lckmnzans in /home/lckmnzans/Documents/projects/Java Projects/synrgy7-backendjava/F-BJV24001115-synrgy7-luk-binfood-ch4)
2024-05-04 17:34:10,995 INFO o.s.b.SpringApplication [main] No active profile set, falling back to 1 default profile: "default"
2024-05-04 17:34:11,698 INFO o.s.d.r.c.RepositoryConfigurationDelegate [main] Bootstrapping Spring Data JPA repositories in DEFAULT mode.
2024-05-04 17:34:11,772 INFO o.s.d.r.c.RepositoryConfigurationDelegate [main] Finished Spring Data repository scanning in 65 ms. Found 5 JPA repository interfaces.
2024-05-04 17:34:12,274 INFO o.s.b.w.e.t.TomcatWebServer [main] Tomcat initialized with port 8080 (http)
2024-05-04 17:34:12,285 INFO o.a.j.l.DirectJDKLog [main] Initializing ProtocolHandler ["http-nio-8080"]
2024-05-04 17:34:12,287 INFO o.a.j.l.DirectJDKLog [main] Starting service [Tomcat]
2024-05-04 17:34:12,287 INFO o.a.j.l.DirectJDKLog [main] Starting Servlet engine: [Apache Tomcat/10.1.20]
2024-05-04 17:34:12,330 INFO o.a.j.l.DirectJDKLog [main] Initializing Spring embedded WebApplicationContext
2024-05-04 17:34:12,331 INFO o.s.b.w.s.c.ServletWebServerApplicationContext [main] Root WebApplicationContext: initialization completed in 1290 ms
2024-05-04 17:34:12,506 INFO o.h.j.i.u.LogHelper [main] HHH000204: Processing PersistenceUnitInfo [name: default]
2024-05-04 17:34:12,562 INFO o.h.Version [main] HHH000412: Hibernate ORM core version 6.4.4.Final
2024-05-04 17:34:12,595 INFO o.h.c.i.RegionFactoryInitiator [main] HHH000026: Second-level cache disabled
2024-05-04 17:34:12,836 INFO o.s.o.j.p.SpringPersistenceUnitInfo [main] No LoadTimeWeaver setup: ignoring JPA class transformer
2024-05-04 17:34:12,867 INFO c.z.h.HikariDataSource [main] HikariPool-1 - Starting...
2024-05-04 17:34:13,204 INFO c.z.h.p.HikariPool [main] HikariPool-1 - Added connection org.postgresql.jdbc.PgConnection@2dc21583
2024-05-04 17:34:13,206 INFO c.z.h.HikariDataSource [main] HikariPool-1 - Start completed.
2024-05-04 17:34:13,244 WARN o.h.e.j.d.i.DialectFactoryImpl [main] HHH90000025: PostgreSQLDialect does not need to be specified explicitly using 'hibernate.dialect' (remove the property setting and it will be selected by default)
2024-05-04 17:34:14,226 INFO o.h.e.t.j.p.i.JtaPlatformInitiator [main] HHH000489: No JTA platform available (set 'hibernate.transaction.jta.platform' to enable JTA platform integration)
2024-05-04 17:34:14,374 INFO o.s.o.j.AbstractEntityManagerFactoryBean [main] Initialized JPA EntityManagerFactory for persistence unit 'default'
2024-05-04 17:34:14,778 INFO o.s.d.j.r.q.QueryEnhancerFactory [main] Hibernate is in classpath; If applicable, HQL parser will be used.
2024-05-04 17:34:14,855 WARN o.s.b.a.o.j.JpaBaseConfiguration$JpaWebConfiguration [main] spring.jpa.open-in-view is enabled by default. Therefore, database queries may be performed during view rendering. Explicitly configure spring.jpa.open-in-view to disable this warning
2024-05-04 17:34:15,228 INFO o.a.j.l.DirectJDKLog [main] Starting ProtocolHandler ["http-nio-8080"]
2024-05-04 17:34:15,249 INFO o.s.b.w.e.t.TomcatWebServer [main] Tomcat started on port 8080 (http) with context path ''
2024-05-04 17:34:15,260 INFO o.s.b.StartupInfoLogger [main] Started BinarfudChallengeApplication in 4.904 seconds (process running for 5.614)
2024-05-04 17:34:15,411 INFO c.s.b.B.c.UserController [main] d4adc60e-ac01-4703-b47a-e9265d4a8dc6 | lckmnzans | lckmnzans@gmail.com
2024-05-04 17:34:17,648 INFO c.s.b.B.c.ProductController [main] Geprek Bakar | 10000.0 | Geprek Jago
2024-05-04 17:34:17,649 INFO c.s.b.B.c.ProductController [main] Bakmi goreng | 14000.0 | Bakmi 99 Pak Joko
2024-05-04 17:34:17,649 INFO c.s.b.B.c.ProductController [main] Bakmi rebus | 14000.0 | Bakmi 99 Pak Joko
2024-05-04 17:34:17,649 INFO c.s.b.B.c.ProductController [main] Nasi goreng ayam | 13000.0 | Bakmi 99 Pak Joko
2024-05-04 17:34:17,649 INFO c.s.b.B.c.ProductController [main] Geprek Mozarella | 10000.0 | Geprek Jago
2024-05-04 17:34:38,152 INFO o.s.o.j.AbstractEntityManagerFactoryBean [SpringApplicationShutdownHook] Closing JPA EntityManagerFactory for persistence unit 'default'
2024-05-04 17:34:38,155 INFO c.z.h.HikariDataSource [SpringApplicationShutdownHook] HikariPool-1 - Shutdown initiated...
2024-05-04 17:34:38,171 INFO c.z.h.HikariDataSource [SpringApplicationShutdownHook] HikariPool-1 - Shutdown completed.
2024-05-04 17:34:43,338 INFO o.s.b.StartupInfoLogger [main] Starting BinarfudChallengeApplication using Java 21.0.2 with PID 11687 (/home/lckmnzans/Documents/projects/Java Projects/synrgy7-backendjava/F-BJV24001115-synrgy7-luk-binfood-ch4/target/classes started by lckmnzans in /home/lckmnzans/Documents/projects/Java Projects/synrgy7-backendjava/F-BJV24001115-synrgy7-luk-binfood-ch4)
2024-05-04 17:34:43,341 INFO o.s.b.SpringApplication [main] No active profile set, falling back to 1 default profile: "default"
2024-05-04 17:34:44,000 INFO o.s.d.r.c.RepositoryConfigurationDelegate [main] Bootstrapping Spring Data JPA repositories in DEFAULT mode.
2024-05-04 17:34:44,080 INFO o.s.d.r.c.RepositoryConfigurationDelegate [main] Finished Spring Data repository scanning in 72 ms. Found 5 JPA repository interfaces.
2024-05-04 17:34:44,603 INFO o.s.b.w.e.t.TomcatWebServer [main] Tomcat initialized with port 8080 (http)
2024-05-04 17:34:44,614 INFO o.a.j.l.DirectJDKLog [main] Initializing ProtocolHandler ["http-nio-8080"]
2024-05-04 17:34:44,616 INFO o.a.j.l.DirectJDKLog [main] Starting service [Tomcat]
2024-05-04 17:34:44,617 INFO o.a.j.l.DirectJDKLog [main] Starting Servlet engine: [Apache Tomcat/10.1.20]
2024-05-04 17:34:44,662 INFO o.a.j.l.DirectJDKLog [main] Initializing Spring embedded WebApplicationContext
2024-05-04 17:34:44,662 INFO o.s.b.w.s.c.ServletWebServerApplicationContext [main] Root WebApplicationContext: initialization completed in 1263 ms
2024-05-04 17:34:44,841 INFO o.h.j.i.u.LogHelper [main] HHH000204: Processing PersistenceUnitInfo [name: default]
2024-05-04 17:34:44,896 INFO o.h.Version [main] HHH000412: Hibernate ORM core version 6.4.4.Final
2024-05-04 17:34:44,926 INFO o.h.c.i.RegionFactoryInitiator [main] HHH000026: Second-level cache disabled
2024-05-04 17:34:45,156 INFO o.s.o.j.p.SpringPersistenceUnitInfo [main] No LoadTimeWeaver setup: ignoring JPA class transformer
2024-05-04 17:34:45,181 INFO c.z.h.HikariDataSource [main] HikariPool-1 - Starting...
2024-05-04 17:34:45,522 INFO c.z.h.p.HikariPool [main] HikariPool-1 - Added connection org.postgresql.jdbc.PgConnection@2dc21583
2024-05-04 17:34:45,524 INFO c.z.h.HikariDataSource [main] HikariPool-1 - Start completed.
2024-05-04 17:34:45,564 WARN o.h.e.j.d.i.DialectFactoryImpl [main] HHH90000025: PostgreSQLDialect does not need to be specified explicitly using 'hibernate.dialect' (remove the property setting and it will be selected by default)
2024-05-04 17:34:46,595 INFO o.h.e.t.j.p.i.JtaPlatformInitiator [main] HHH000489: No JTA platform available (set 'hibernate.transaction.jta.platform' to enable JTA platform integration)
2024-05-04 17:34:46,749 INFO o.s.o.j.AbstractEntityManagerFactoryBean [main] Initialized JPA EntityManagerFactory for persistence unit 'default'
2024-05-04 17:34:47,152 INFO o.s.d.j.r.q.QueryEnhancerFactory [main] Hibernate is in classpath; If applicable, HQL parser will be used.
2024-05-04 17:34:47,230 WARN o.s.b.a.o.j.JpaBaseConfiguration$JpaWebConfiguration [main] spring.jpa.open-in-view is enabled by default. Therefore, database queries may be performed during view rendering. Explicitly configure spring.jpa.open-in-view to disable this warning
2024-05-04 17:34:47,590 INFO o.a.j.l.DirectJDKLog [main] Starting ProtocolHandler ["http-nio-8080"]
2024-05-04 17:34:47,612 INFO o.s.b.w.e.t.TomcatWebServer [main] Tomcat started on port 8080 (http) with context path ''
2024-05-04 17:34:47,623 INFO o.s.b.StartupInfoLogger [main] Started BinarfudChallengeApplication in 4.921 seconds (process running for 5.661)
2024-05-04 17:34:47,773 INFO c.s.b.B.c.UserController [main] d4adc60e-ac01-4703-b47a-e9265d4a8dc6 | lckmnzans | lckmnzans@gmail.com
2024-05-04 17:34:48,942 INFO c.s.b.B.c.ProductController [main] Geprek Bakar | 10000.0 | Geprek Jago
2024-05-04 17:34:48,942 INFO c.s.b.B.c.ProductController [main] Bakmi goreng | 14000.0 | Bakmi 99 Pak Joko
2024-05-04 17:34:48,942 INFO c.s.b.B.c.ProductController [main] Bakmi rebus | 14000.0 | Bakmi 99 Pak Joko
2024-05-04 17:34:48,943 INFO c.s.b.B.c.ProductController [main] Nasi goreng ayam | 13000.0 | Bakmi 99 Pak Joko
2024-05-04 17:34:48,943 INFO c.s.b.B.c.ProductController [main] Geprek Mozarella | 10000.0 | Geprek Jago
2024-05-04 17:34:55,991 INFO c.s.b.B.c.MainController [main] Anda memesan menu Bakmi goreng dengan jumlah pesanan 10
2024-05-04 17:34:58,654 INFO o.s.o.j.AbstractEntityManagerFactoryBean [SpringApplicationShutdownHook] Closing JPA EntityManagerFactory for persistence unit 'default'
2024-05-04 17:34:58,656 INFO c.z.h.HikariDataSource [SpringApplicationShutdownHook] HikariPool-1 - Shutdown initiated...
2024-05-04 17:34:58,667 INFO c.z.h.HikariDataSource [SpringApplicationShutdownHook] HikariPool-1 - Shutdown completed.
2024-05-04 19:21:32,417 INFO o.s.b.StartupInfoLogger [main] Starting BinarfudChallengeApplication using Java 21.0.2 with PID 22428 (/home/lckmnzans/Documents/projects/Java Projects/synrgy7-backendjava/F-BJV24001115-synrgy7-luk-binfood-ch4/target/classes started by lckmnzans in /home/lckmnzans/Documents/projects/Java Projects/synrgy7-backendjava/F-BJV24001115-synrgy7-luk-binfood-ch4)
2024-05-04 19:21:32,421 INFO o.s.b.SpringApplication [main] No active profile set, falling back to 1 default profile: "default"
2024-05-04 19:21:33,211 INFO o.s.d.r.c.RepositoryConfigurationDelegate [main] Bootstrapping Spring Data JPA repositories in DEFAULT mode.
2024-05-04 19:21:33,302 INFO o.s.d.r.c.RepositoryConfigurationDelegate [main] Finished Spring Data repository scanning in 79 ms. Found 5 JPA repository interfaces.
2024-05-04 19:21:34,039 INFO o.s.b.w.e.t.TomcatWebServer [main] Tomcat initialized with port 8080 (http)
2024-05-04 19:21:34,052 INFO o.a.j.l.DirectJDKLog [main] Initializing ProtocolHandler ["http-nio-8080"]
2024-05-04 19:21:34,055 INFO o.a.j.l.DirectJDKLog [main] Starting service [Tomcat]
2024-05-04 19:21:34,055 INFO o.a.j.l.DirectJDKLog [main] Starting Servlet engine: [Apache Tomcat/10.1.20]
2024-05-04 19:21:34,115 INFO o.a.j.l.DirectJDKLog [main] Initializing Spring embedded WebApplicationContext
2024-05-04 19:21:34,116 INFO o.s.b.w.s.c.ServletWebServerApplicationContext [main] Root WebApplicationContext: initialization completed in 1632 ms
2024-05-04 19:21:34,358 INFO o.h.j.i.u.LogHelper [main] HHH000204: Processing PersistenceUnitInfo [name: default]
2024-05-04 19:21:34,461 INFO o.h.Version [main] HHH000412: Hibernate ORM core version 6.4.4.Final
2024-05-04 19:21:34,523 INFO o.h.c.i.RegionFactoryInitiator [main] HHH000026: Second-level cache disabled
2024-05-04 19:21:35,012 INFO o.s.o.j.p.SpringPersistenceUnitInfo [main] No LoadTimeWeaver setup: ignoring JPA class transformer
2024-05-04 19:21:35,119 INFO c.z.h.HikariDataSource [main] HikariPool-1 - Starting...
2024-05-04 19:21:35,795 INFO c.z.h.p.HikariPool [main] HikariPool-1 - Added connection org.postgresql.jdbc.PgConnection@249b54af
2024-05-04 19:21:35,797 INFO c.z.h.HikariDataSource [main] HikariPool-1 - Start completed.
2024-05-04 19:21:35,849 WARN o.h.e.j.d.i.DialectFactoryImpl [main] HHH90000025: PostgreSQLDialect does not need to be specified explicitly using 'hibernate.dialect' (remove the property setting and it will be selected by default)
2024-05-04 19:21:37,296 INFO o.h.e.t.j.p.i.JtaPlatformInitiator [main] HHH000489: No JTA platform available (set 'hibernate.transaction.jta.platform' to enable JTA platform integration)
2024-05-04 19:21:37,414 INFO o.s.o.j.AbstractEntityManagerFactoryBean [main] Initialized JPA EntityManagerFactory for persistence unit 'default'
2024-05-04 19:21:37,819 INFO o.s.d.j.r.q.QueryEnhancerFactory [main] Hibernate is in classpath; If applicable, HQL parser will be used.
2024-05-04 19:21:37,865 WARN o.s.b.a.o.j.JpaBaseConfiguration$JpaWebConfiguration [main] spring.jpa.open-in-view is enabled by default. Therefore, database queries may be performed during view rendering. Explicitly configure spring.jpa.open-in-view to disable this warning
2024-05-04 19:21:38,237 INFO o.a.j.l.DirectJDKLog [main] Starting ProtocolHandler ["http-nio-8080"]
2024-05-04 19:21:38,252 INFO o.s.b.w.e.t.TomcatWebServer [main] Tomcat started on port 8080 (http) with context path ''
2024-05-04 19:21:38,261 INFO o.s.b.StartupInfoLogger [main] Started BinarfudChallengeApplication in 6.481 seconds (process running for 7.375)
2024-05-04 19:21:38,429 INFO c.s.b.B.c.UserController [main] d4adc60e-ac01-4703-b47a-e9265d4a8dc6 | lckmnzans | lckmnzans@gmail.com
2024-05-04 19:21:40,705 INFO c.s.b.B.c.ProductController [main] Geprek Bakar | 10000.0 | Geprek Jago
2024-05-04 19:21:40,705 INFO c.s.b.B.c.ProductController [main] Bakmi goreng | 14000.0 | Bakmi 99 Pak Joko
2024-05-04 19:21:40,706 INFO c.s.b.B.c.ProductController [main] Bakmi rebus | 14000.0 | Bakmi 99 Pak Joko
2024-05-04 19:21:40,706 INFO c.s.b.B.c.ProductController [main] Nasi goreng ayam | 13000.0 | Bakmi 99 Pak Joko
2024-05-04 19:21:40,706 INFO c.s.b.B.c.ProductController [main] Geprek Mozarella | 10000.0 | Geprek Jago
2024-05-04 19:21:49,867 INFO c.s.b.B.c.ProductController [main] Geprek Bakar | 10000.0 | Geprek Jago
2024-05-04 19:21:49,867 INFO c.s.b.B.c.ProductController [main] Bakmi goreng | 14000.0 | Bakmi 99 Pak Joko
2024-05-04 19:21:49,867 INFO c.s.b.B.c.ProductController [main] Bakmi rebus | 14000.0 | Bakmi 99 Pak Joko
2024-05-04 19:21:49,868 INFO c.s.b.B.c.ProductController [main] Nasi goreng ayam | 13000.0 | Bakmi 99 Pak Joko
2024-05-04 19:21:49,868 INFO c.s.b.B.c.ProductController [main] Geprek Mozarella | 10000.0 | Geprek Jago
2024-05-04 19:22:06,593 INFO c.s.b.B.c.MainController [main] Anda memesan menu Geprek Bakar dengan jumlah pesanan 0
2024-05-04 19:22:30,977 INFO o.s.o.j.AbstractEntityManagerFactoryBean [SpringApplicationShutdownHook] Closing JPA EntityManagerFactory for persistence unit 'default'
2024-05-04 19:22:30,979 INFO c.z.h.HikariDataSource [SpringApplicationShutdownHook] HikariPool-1 - Shutdown initiated...
2024-05-04 19:22:30,991 INFO c.z.h.HikariDataSource [SpringApplicationShutdownHook] HikariPool-1 - Shutdown completed.
