2024-05-04 21:45:25,619 INFO o.s.b.StartupInfoLogger [main] Starting BinarfudChallengeApplication using Java 21.0.2 with PID 34229 (/home/lckmnzans/Documents/projects/Java Projects/synrgy7-backendjava/F-BJV24001115-synrgy7-luk-binfood-ch4/target/classes started by lckmnzans in /home/lckmnzans/Documents/projects/Java Projects/synrgy7-backendjava/F-BJV24001115-synrgy7-luk-binfood-ch4)
2024-05-04 21:45:25,622 INFO o.s.b.SpringApplication [main] No active profile set, falling back to 1 default profile: "default"
2024-05-04 21:45:26,303 INFO o.s.d.r.c.RepositoryConfigurationDelegate [main] Bootstrapping Spring Data JPA repositories in DEFAULT mode.
2024-05-04 21:45:26,382 INFO o.s.d.r.c.RepositoryConfigurationDelegate [main] Finished Spring Data repository scanning in 71 ms. Found 5 JPA repository interfaces.
2024-05-04 21:45:26,918 INFO o.s.b.w.e.t.TomcatWebServer [main] Tomcat initialized with port 8080 (http)
2024-05-04 21:45:26,929 INFO o.a.j.l.DirectJDKLog [main] Initializing ProtocolHandler ["http-nio-8080"]
2024-05-04 21:45:26,930 INFO o.a.j.l.DirectJDKLog [main] Starting service [Tomcat]
2024-05-04 21:45:26,931 INFO o.a.j.l.DirectJDKLog [main] Starting Servlet engine: [Apache Tomcat/10.1.20]
2024-05-04 21:45:26,972 INFO o.a.j.l.DirectJDKLog [main] Initializing Spring embedded WebApplicationContext
2024-05-04 21:45:26,973 INFO o.s.b.w.s.c.ServletWebServerApplicationContext [main] Root WebApplicationContext: initialization completed in 1295 ms
2024-05-04 21:45:27,119 INFO o.h.j.i.u.LogHelper [main] HHH000204: Processing PersistenceUnitInfo [name: default]
2024-05-04 21:45:27,177 INFO o.h.Version [main] HHH000412: Hibernate ORM core version 6.4.4.Final
2024-05-04 21:45:27,207 INFO o.h.c.i.RegionFactoryInitiator [main] HHH000026: Second-level cache disabled
2024-05-04 21:45:27,452 INFO o.s.o.j.p.SpringPersistenceUnitInfo [main] No LoadTimeWeaver setup: ignoring JPA class transformer
2024-05-04 21:45:27,478 INFO c.z.h.HikariDataSource [main] HikariPool-1 - Starting...
2024-05-04 21:45:27,806 INFO c.z.h.p.HikariPool [main] HikariPool-1 - Added connection org.postgresql.jdbc.PgConnection@15186ce0
2024-05-04 21:45:27,808 INFO c.z.h.HikariDataSource [main] HikariPool-1 - Start completed.
2024-05-04 21:45:27,847 WARN o.h.e.j.d.i.DialectFactoryImpl [main] HHH90000025: PostgreSQLDialect does not need to be specified explicitly using 'hibernate.dialect' (remove the property setting and it will be selected by default)
2024-05-04 21:45:28,843 INFO o.h.e.t.j.p.i.JtaPlatformInitiator [main] HHH000489: No JTA platform available (set 'hibernate.transaction.jta.platform' to enable JTA platform integration)
2024-05-04 21:45:29,003 INFO o.s.o.j.AbstractEntityManagerFactoryBean [main] Initialized JPA EntityManagerFactory for persistence unit 'default'
2024-05-04 21:45:29,397 INFO o.s.d.j.r.q.QueryEnhancerFactory [main] Hibernate is in classpath; If applicable, HQL parser will be used.
2024-05-04 21:45:29,449 WARN o.s.b.a.o.j.JpaBaseConfiguration$JpaWebConfiguration [main] spring.jpa.open-in-view is enabled by default. Therefore, database queries may be performed during view rendering. Explicitly configure spring.jpa.open-in-view to disable this warning
2024-05-04 21:45:29,774 INFO o.a.j.l.DirectJDKLog [main] Starting ProtocolHandler ["http-nio-8080"]
2024-05-04 21:45:29,786 INFO o.s.b.w.e.t.TomcatWebServer [main] Tomcat started on port 8080 (http) with context path ''
2024-05-04 21:45:29,794 INFO o.s.b.StartupInfoLogger [main] Started BinarfudChallengeApplication in 4.866 seconds (process running for 5.661)
2024-05-04 21:45:29,959 INFO c.s.b.B.c.UserController [main] d4adc60e-ac01-4703-b47a-e9265d4a8dc6 | lckmnzans | lckmnzans@gmail.com
2024-05-04 21:45:35,019 INFO c.s.b.B.c.ProductController [main] Geprek Bakar | 10000.0 | Geprek Jago
2024-05-04 21:45:35,019 INFO c.s.b.B.c.ProductController [main] Bakmi goreng | 14000.0 | Bakmi 99 Pak Joko
2024-05-04 21:45:35,019 INFO c.s.b.B.c.ProductController [main] Bakmi rebus | 14000.0 | Bakmi 99 Pak Joko
2024-05-04 21:45:35,019 INFO c.s.b.B.c.ProductController [main] Nasi goreng ayam | 13000.0 | Bakmi 99 Pak Joko
2024-05-04 21:45:35,019 INFO c.s.b.B.c.ProductController [main] Geprek Mozarella | 10000.0 | Geprek Jago
2024-05-04 21:45:38,416 INFO c.s.b.B.c.OrderController [main] Order Detail telah dibuat dengan Produk :Geprek Bakar dan Jumlah :2
2024-05-04 21:45:43,161 INFO c.s.b.B.c.OrderController [main] Order Detail telah dibuat dengan Produk :Bakmi goreng dan Jumlah :3
2024-05-04 21:45:49,026 INFO c.s.b.B.c.OrderController [main] Order Detail telah dibuat dengan Produk :Bakmi rebus dan Jumlah :1
2024-05-04 21:46:18,640 INFO o.s.o.j.AbstractEntityManagerFactoryBean [SpringApplicationShutdownHook] Closing JPA EntityManagerFactory for persistence unit 'default'
2024-05-04 21:46:18,643 INFO c.z.h.HikariDataSource [SpringApplicationShutdownHook] HikariPool-1 - Shutdown initiated...
2024-05-04 21:46:18,655 INFO c.z.h.HikariDataSource [SpringApplicationShutdownHook] HikariPool-1 - Shutdown completed.
2024-05-04 21:46:23,125 INFO o.s.b.StartupInfoLogger [main] Starting BinarfudChallengeApplication using Java 21.0.2 with PID 34394 (/home/lckmnzans/Documents/projects/Java Projects/synrgy7-backendjava/F-BJV24001115-synrgy7-luk-binfood-ch4/target/classes started by lckmnzans in /home/lckmnzans/Documents/projects/Java Projects/synrgy7-backendjava/F-BJV24001115-synrgy7-luk-binfood-ch4)
2024-05-04 21:46:23,135 INFO o.s.b.SpringApplication [main] No active profile set, falling back to 1 default profile: "default"
2024-05-04 21:46:23,769 INFO o.s.d.r.c.RepositoryConfigurationDelegate [main] Bootstrapping Spring Data JPA repositories in DEFAULT mode.
2024-05-04 21:46:23,841 INFO o.s.d.r.c.RepositoryConfigurationDelegate [main] Finished Spring Data repository scanning in 64 ms. Found 5 JPA repository interfaces.
2024-05-04 21:46:24,333 INFO o.s.b.w.e.t.TomcatWebServer [main] Tomcat initialized with port 8080 (http)
2024-05-04 21:46:24,343 INFO o.a.j.l.DirectJDKLog [main] Initializing ProtocolHandler ["http-nio-8080"]
2024-05-04 21:46:24,345 INFO o.a.j.l.DirectJDKLog [main] Starting service [Tomcat]
2024-05-04 21:46:24,346 INFO o.a.j.l.DirectJDKLog [main] Starting Servlet engine: [Apache Tomcat/10.1.20]
2024-05-04 21:46:24,390 INFO o.a.j.l.DirectJDKLog [main] Initializing Spring embedded WebApplicationContext
2024-05-04 21:46:24,390 INFO o.s.b.w.s.c.ServletWebServerApplicationContext [main] Root WebApplicationContext: initialization completed in 1210 ms
2024-05-04 21:46:24,562 INFO o.h.j.i.u.LogHelper [main] HHH000204: Processing PersistenceUnitInfo [name: default]
2024-05-04 21:46:24,615 INFO o.h.Version [main] HHH000412: Hibernate ORM core version 6.4.4.Final
2024-05-04 21:46:24,646 INFO o.h.c.i.RegionFactoryInitiator [main] HHH000026: Second-level cache disabled
2024-05-04 21:46:24,875 INFO o.s.o.j.p.SpringPersistenceUnitInfo [main] No LoadTimeWeaver setup: ignoring JPA class transformer
2024-05-04 21:46:24,900 INFO c.z.h.HikariDataSource [main] HikariPool-1 - Starting...
2024-05-04 21:46:25,221 INFO c.z.h.p.HikariPool [main] HikariPool-1 - Added connection org.postgresql.jdbc.PgConnection@7686f701
2024-05-04 21:46:25,223 INFO c.z.h.HikariDataSource [main] HikariPool-1 - Start completed.
2024-05-04 21:46:25,253 WARN o.h.e.j.d.i.DialectFactoryImpl [main] HHH90000025: PostgreSQLDialect does not need to be specified explicitly using 'hibernate.dialect' (remove the property setting and it will be selected by default)
2024-05-04 21:46:26,231 INFO o.h.e.t.j.p.i.JtaPlatformInitiator [main] HHH000489: No JTA platform available (set 'hibernate.transaction.jta.platform' to enable JTA platform integration)
2024-05-04 21:46:26,385 INFO o.s.o.j.AbstractEntityManagerFactoryBean [main] Initialized JPA EntityManagerFactory for persistence unit 'default'
2024-05-04 21:46:26,773 INFO o.s.d.j.r.q.QueryEnhancerFactory [main] Hibernate is in classpath; If applicable, HQL parser will be used.
2024-05-04 21:46:26,817 WARN o.s.b.a.o.j.JpaBaseConfiguration$JpaWebConfiguration [main] spring.jpa.open-in-view is enabled by default. Therefore, database queries may be performed during view rendering. Explicitly configure spring.jpa.open-in-view to disable this warning
2024-05-04 21:46:27,151 INFO o.a.j.l.DirectJDKLog [main] Starting ProtocolHandler ["http-nio-8080"]
2024-05-04 21:46:27,164 INFO o.s.b.w.e.t.TomcatWebServer [main] Tomcat started on port 8080 (http) with context path ''
2024-05-04 21:46:27,173 INFO o.s.b.StartupInfoLogger [main] Started BinarfudChallengeApplication in 4.673 seconds (process running for 5.38)
2024-05-04 21:46:27,341 INFO c.s.b.B.c.UserController [main] d4adc60e-ac01-4703-b47a-e9265d4a8dc6 | lckmnzans | lckmnzans@gmail.com
2024-05-04 21:46:35,937 INFO c.s.b.B.c.ProductController [main] Geprek Bakar | 10000.0 | Geprek Jago
2024-05-04 21:46:35,937 INFO c.s.b.B.c.ProductController [main] Bakmi goreng | 14000.0 | Bakmi 99 Pak Joko
2024-05-04 21:46:35,937 INFO c.s.b.B.c.ProductController [main] Bakmi rebus | 14000.0 | Bakmi 99 Pak Joko
2024-05-04 21:46:35,937 INFO c.s.b.B.c.ProductController [main] Nasi goreng ayam | 13000.0 | Bakmi 99 Pak Joko
2024-05-04 21:46:35,937 INFO c.s.b.B.c.ProductController [main] Geprek Mozarella | 10000.0 | Geprek Jago
2024-05-04 21:46:40,424 INFO c.s.b.B.c.OrderController [main] Order Detail telah dibuat dengan Produk :Geprek Bakar dan Jumlah :3
2024-05-04 21:46:44,112 INFO c.s.b.B.c.OrderController [main] Order Detail telah dibuat dengan Produk :Bakmi goreng dan Jumlah :2
2024-05-04 21:46:48,201 INFO c.s.b.B.c.OrderController [main] Order Detail telah dibuat dengan Produk :Bakmi rebus dan Jumlah :1
2024-05-04 21:47:12,892 INFO o.s.o.j.AbstractEntityManagerFactoryBean [SpringApplicationShutdownHook] Closing JPA EntityManagerFactory for persistence unit 'default'
2024-05-04 21:47:12,894 INFO c.z.h.HikariDataSource [SpringApplicationShutdownHook] HikariPool-1 - Shutdown initiated...
2024-05-04 21:47:12,907 INFO c.z.h.HikariDataSource [SpringApplicationShutdownHook] HikariPool-1 - Shutdown completed.
2024-05-04 21:57:57,574 INFO o.s.b.StartupInfoLogger [main] Starting BinarfudChallengeApplication using Java 21.0.2 with PID 35527 (/home/lckmnzans/Documents/projects/Java Projects/synrgy7-backendjava/F-BJV24001115-synrgy7-luk-binfood-ch4/target/classes started by lckmnzans in /home/lckmnzans/Documents/projects/Java Projects/synrgy7-backendjava/F-BJV24001115-synrgy7-luk-binfood-ch4)
2024-05-04 21:57:57,577 INFO o.s.b.SpringApplication [main] No active profile set, falling back to 1 default profile: "default"
2024-05-04 21:57:58,242 INFO o.s.d.r.c.RepositoryConfigurationDelegate [main] Bootstrapping Spring Data JPA repositories in DEFAULT mode.
2024-05-04 21:57:58,329 INFO o.s.d.r.c.RepositoryConfigurationDelegate [main] Finished Spring Data repository scanning in 80 ms. Found 5 JPA repository interfaces.
2024-05-04 21:57:59,023 INFO o.s.b.w.e.t.TomcatWebServer [main] Tomcat initialized with port 8080 (http)
2024-05-04 21:57:59,041 INFO o.a.j.l.DirectJDKLog [main] Initializing ProtocolHandler ["http-nio-8080"]
2024-05-04 21:57:59,044 INFO o.a.j.l.DirectJDKLog [main] Starting service [Tomcat]
2024-05-04 21:57:59,044 INFO o.a.j.l.DirectJDKLog [main] Starting Servlet engine: [Apache Tomcat/10.1.20]
2024-05-04 21:57:59,112 INFO o.a.j.l.DirectJDKLog [main] Initializing Spring embedded WebApplicationContext
2024-05-04 21:57:59,113 INFO o.s.b.w.s.c.ServletWebServerApplicationContext [main] Root WebApplicationContext: initialization completed in 1475 ms
2024-05-04 21:57:59,330 INFO o.h.j.i.u.LogHelper [main] HHH000204: Processing PersistenceUnitInfo [name: default]
2024-05-04 21:57:59,390 INFO o.h.Version [main] HHH000412: Hibernate ORM core version 6.4.4.Final
2024-05-04 21:57:59,427 INFO o.h.c.i.RegionFactoryInitiator [main] HHH000026: Second-level cache disabled
2024-05-04 21:57:59,704 INFO o.s.o.j.p.SpringPersistenceUnitInfo [main] No LoadTimeWeaver setup: ignoring JPA class transformer
2024-05-04 21:57:59,740 INFO c.z.h.HikariDataSource [main] HikariPool-1 - Starting...
2024-05-04 21:58:00,123 INFO c.z.h.p.HikariPool [main] HikariPool-1 - Added connection org.postgresql.jdbc.PgConnection@1109730f
2024-05-04 21:58:00,126 INFO c.z.h.HikariDataSource [main] HikariPool-1 - Start completed.
2024-05-04 21:58:00,161 WARN o.h.e.j.d.i.DialectFactoryImpl [main] HHH90000025: PostgreSQLDialect does not need to be specified explicitly using 'hibernate.dialect' (remove the property setting and it will be selected by default)
2024-05-04 21:58:01,293 INFO o.h.e.t.j.p.i.JtaPlatformInitiator [main] HHH000489: No JTA platform available (set 'hibernate.transaction.jta.platform' to enable JTA platform integration)
2024-05-04 21:58:01,432 INFO o.s.o.j.AbstractEntityManagerFactoryBean [main] Initialized JPA EntityManagerFactory for persistence unit 'default'
2024-05-04 21:58:01,795 INFO o.s.d.j.r.q.QueryEnhancerFactory [main] Hibernate is in classpath; If applicable, HQL parser will be used.
2024-05-04 21:58:01,838 WARN o.s.b.a.o.j.JpaBaseConfiguration$JpaWebConfiguration [main] spring.jpa.open-in-view is enabled by default. Therefore, database queries may be performed during view rendering. Explicitly configure spring.jpa.open-in-view to disable this warning
2024-05-04 21:58:02,183 INFO o.a.j.l.DirectJDKLog [main] Starting ProtocolHandler ["http-nio-8080"]
2024-05-04 21:58:02,203 INFO o.s.b.w.e.t.TomcatWebServer [main] Tomcat started on port 8080 (http) with context path ''
2024-05-04 21:58:02,212 INFO o.s.b.StartupInfoLogger [main] Started BinarfudChallengeApplication in 5.313 seconds (process running for 6.042)
2024-05-04 21:58:02,364 INFO c.s.b.B.c.UserController [main] d4adc60e-ac01-4703-b47a-e9265d4a8dc6 | lckmnzans | lckmnzans@gmail.com
2024-05-04 21:58:08,258 INFO c.s.b.B.c.ProductController [main] Geprek Bakar | 10000.0 | Geprek Jago
2024-05-04 21:58:08,258 INFO c.s.b.B.c.ProductController [main] Bakmi goreng | 14000.0 | Bakmi 99 Pak Joko
2024-05-04 21:58:08,258 INFO c.s.b.B.c.ProductController [main] Bakmi rebus | 14000.0 | Bakmi 99 Pak Joko
2024-05-04 21:58:08,258 INFO c.s.b.B.c.ProductController [main] Nasi goreng ayam | 13000.0 | Bakmi 99 Pak Joko
2024-05-04 21:58:08,258 INFO c.s.b.B.c.ProductController [main] Geprek Mozarella | 10000.0 | Geprek Jago
2024-05-04 21:58:12,408 INFO c.s.b.B.c.OrderController [main] Order Detail telah dibuat dengan Produk :Geprek Bakar dan Jumlah :2
2024-05-04 21:58:20,009 INFO c.s.b.B.c.OrderController [main] Order Detail telah dibuat dengan Produk :Bakmi goreng dan Jumlah :2
2024-05-04 21:58:31,314 INFO c.s.b.B.s.OrderServiceImpl [main] Order Data successfully created
2024-05-04 21:58:31,321 INFO c.s.b.B.s.OrderDetailServiceImpl [main] All OrderDetail is successfully created
